blackarch
blackarch-anti-forensic
blackarch-automation
blackarch-backdoor
blackarch-binary
blackarch-code-audit
blackarch-cracker
blackarch-cross-compiling
blackarch-crypto
blackarch-defensive
blackarch-dos
blackarch-drone
blackarch-exploitation
blackarch-fingerprint
blackarch-forensic
blackarch-fuzzer
blackarch-hardware
blackarch-honeypot
blackarch-keylogger
blackarch-malware
blackarch-misc
blackarch-mobile
blackarch-networking
blackarch-recon
blackarch-reverseing
blackarch-scanner
blackarch-social
blackarch-threat-model
blackarch-webapp
blackarch-windows
blackarch-wireless
